	.syntax unified
	.cpu cortex-m3
	.fpu softvfp
	.eabi_attribute 20, 1
	.eabi_attribute 21, 1
	.eabi_attribute 23, 3
	.eabi_attribute 24, 1
	.eabi_attribute 25, 1
	.eabi_attribute 26, 1
	.eabi_attribute 30, 4
	.eabi_attribute 34, 1
	.eabi_attribute 18, 4
	.thumb
	.syntax unified
	.file	"main.cpp"
	.section	.text.startup.main,"ax",%progbits
	.align	1
	.global	main
	.thumb
	.thumb_func
	.type	main, %function
main:
	@ args = 0, pretend = 0, frame = 0
	@ frame_needed = 0, uses_anonymous_args = 0
	@ link register save eliminated.
	movs	r0, #0
	bx	lr
	.size	main, .-main
	.ident	"GCC: (GNU Tools for ARM Embedded Processors) 5.4.1 20160919 (release) [ARM/embedded-5-branch revision 240496]"
